<?xml version="1.0" encoding="UTF-8"?>
<!-- Generated by org.testng.reporters.JUnitXMLReporter -->
<testsuite ignored="11" hostname="ITEM-S94883" failures="1" tests="5" name="ChromeTest" time="89.276" errors="0" timestamp="2025-12-28T15:55:30 IST">
  <testcase classname="com.store.testcases.IndexPageTest" name="verifyLogo" time="13.841"/>
  <testcase classname="com.store.testcases.ProductAvailabilityPageTest" name="verifyProductAvailability" time="30.656"/>
  <testcase classname="com.store.testcases.AccountCreationPageTest" name="verifyAccountCreationPage" time="8.838"/>
  <testcase classname="com.store.testcases.HomePageTest" name="validateHomeTest" time="53.97"/>
  <testcase classname="com.store.testcases.IndexPageTest" name="verifyTitle" time="16.562">
    <failure type="java.lang.AssertionError" message="expected [Automation Exercise] but found []">
      <![CDATA[java.lang.AssertionError: expected [Automation Exercise] but found []
at com.store.testcases.IndexPageTest.verifyTitle(IndexPageTest.java:42)
at java.base/java.util.concurrent.Executors$RunnableAdapter.call(Executors.java:572)
at java.base/java.util.concurrent.FutureTask.run(FutureTask.java:317)
at java.base/java.util.concurrent.ThreadPoolExecutor.runWorker(ThreadPoolExecutor.java:1144)
at java.base/java.util.concurrent.ThreadPoolExecutor$Worker.run(ThreadPoolExecutor.java:642)
at java.base/java.lang.Thread.run(Thread.java:1583)
... Removed 17 stack frames]]>
    </failure>
  </testcase> <!-- verifyTitle -->
  <testcase classname="com.store.testcases.OrderPageTest" name="verifyTotalOnOrderPage" time="0.0">
    <ignored/>
  </testcase> <!-- verifyTotalOnOrderPage -->
  <testcase classname="com.store.base.BaseClass" name="@BeforeSuite loadConfig" time="0.0">
    <ignored/>
  </testcase> <!-- @BeforeSuite loadConfig -->
  <testcase classname="com.store.base.BaseClass" name="@BeforeSuite loadConfig" time="0.0">
    <ignored/>
  </testcase> <!-- @BeforeSuite loadConfig -->
  <testcase classname="com.store.base.BaseClass" name="@BeforeSuite loadConfig" time="0.0">
    <ignored/>
  </testcase> <!-- @BeforeSuite loadConfig -->
  <testcase classname="com.store.base.BaseClass" name="@BeforeSuite loadConfig" time="0.0">
    <ignored/>
  </testcase> <!-- @BeforeSuite loadConfig -->
  <testcase classname="com.store.testcases.CartPageTest" name="verifyProductOnCartPage" time="0.0">
    <ignored/>
  </testcase> <!-- verifyProductOnCartPage -->
  <testcase classname="com.store.base.BaseClass" name="@BeforeSuite loadConfig" time="0.0">
    <ignored/>
  </testcase> <!-- @BeforeSuite loadConfig -->
  <testcase classname="com.store.base.BaseClass" name="@BeforeSuite loadConfig" time="0.0">
    <ignored/>
  </testcase> <!-- @BeforeSuite loadConfig -->
  <testcase classname="com.store.testcases.LoginPageTest" name="loginTest" time="0.0">
    <ignored/>
  </testcase> <!-- loginTest -->
  <testcase classname="com.store.base.BaseClass" name="@BeforeSuite loadConfig" time="0.0">
    <ignored/>
  </testcase> <!-- @BeforeSuite loadConfig -->
  <testcase classname="com.store.testcases.EndToEndTest" name="verifyOrderPlacement" time="0.0">
    <ignored/>
  </testcase> <!-- verifyOrderPlacement -->
</testsuite> <!-- ChromeTest -->
