<?xml version="1.0" encoding="UTF-8"?>
<!-- Generated by org.testng.reporters.JUnitXMLReporter -->
<testsuite ignored="12" hostname="ITEM-S94883" failures="0" tests="4" name="EdgeTest" time="88.13" errors="0" timestamp="2025-12-28T15:55:29 IST">
  <testcase classname="com.store.testcases.ProductAvailabilityPageTest" name="verifyProductAvailability" time="40.77"/>
  <testcase classname="com.store.testcases.CartPageTest" name="verifyProductOnCartPage" time="48.25"/>
  <testcase classname="com.store.testcases.LoginPageTest" name="loginTest" time="39.837"/>
  <testcase classname="com.store.testcases.OrderPageTest" name="verifyTotalOnOrderPage" time="69.143"/>
  <testcase classname="com.store.testcases.AccountCreationPageTest" name="verifyAccountCreationPage" time="0.0">
    <ignored/>
  </testcase> <!-- verifyAccountCreationPage -->
  <testcase classname="com.store.base.BaseClass" name="@BeforeSuite loadConfig" time="0.0">
    <ignored/>
  </testcase> <!-- @BeforeSuite loadConfig -->
  <testcase classname="com.store.base.BaseClass" name="@BeforeSuite loadConfig" time="0.0">
    <ignored/>
  </testcase> <!-- @BeforeSuite loadConfig -->
  <testcase classname="com.store.testcases.IndexPageTest" name="verifyTitle" time="0.0">
    <ignored/>
  </testcase> <!-- verifyTitle -->
  <testcase classname="com.store.testcases.HomePageTest" name="validateHomeTest" time="0.0">
    <ignored/>
  </testcase> <!-- validateHomeTest -->
  <testcase classname="com.store.base.BaseClass" name="@BeforeSuite loadConfig" time="0.0">
    <ignored/>
  </testcase> <!-- @BeforeSuite loadConfig -->
  <testcase classname="com.store.base.BaseClass" name="@BeforeSuite loadConfig" time="0.0">
    <ignored/>
  </testcase> <!-- @BeforeSuite loadConfig -->
  <testcase classname="com.store.testcases.IndexPageTest" name="verifyLogo" time="0.0">
    <ignored/>
  </testcase> <!-- verifyLogo -->
  <testcase classname="com.store.base.BaseClass" name="@BeforeSuite loadConfig" time="0.0">
    <ignored/>
  </testcase> <!-- @BeforeSuite loadConfig -->
  <testcase classname="com.store.base.BaseClass" name="@BeforeSuite loadConfig" time="0.0">
    <ignored/>
  </testcase> <!-- @BeforeSuite loadConfig -->
  <testcase classname="com.store.base.BaseClass" name="@BeforeSuite loadConfig" time="0.0">
    <ignored/>
  </testcase> <!-- @BeforeSuite loadConfig -->
  <testcase classname="com.store.testcases.EndToEndTest" name="verifyOrderPlacement" time="0.0">
    <ignored/>
  </testcase> <!-- verifyOrderPlacement -->
</testsuite> <!-- EdgeTest -->
