<?xml version="1.0" encoding="UTF-8"?>
<testng-results ignored="0" total="2" passed="2" failed="0" skipped="0">
  <reporter-output>
  </reporter-output>
  <suite started-at="2025-12-28T22:52:53 IST" name="Default suite" finished-at="2025-12-28T22:53:22 IST" duration-ms="29477">
    <groups>
      <group name="smoke">
        <method signature="IndexPageTest.verifyLogo()[pri:0, instance:com.store.testcases.IndexPageTest@514646ef]" name="verifyLogo" class="com.store.testcases.IndexPageTest"/>
        <method signature="IndexPageTest.verifyTitle()[pri:0, instance:com.store.testcases.IndexPageTest@514646ef]" name="verifyTitle" class="com.store.testcases.IndexPageTest"/>
      </group> <!-- smoke -->
    </groups>
    <test started-at="2025-12-28T22:52:53 IST" name="Default test" finished-at="2025-12-28T22:53:22 IST" duration-ms="29477">
      <class name="com.store.testcases.IndexPageTest">
        <test-method is-config="true" signature="loadConfig()[pri:0, instance:com.store.testcases.IndexPageTest@514646ef]" started-at="2025-12-28T22:52:53 IST" name="loadConfig" finished-at="2025-12-28T22:52:53 IST" duration-ms="34" status="PASS">
          <reporter-output>
          </reporter-output>
        </test-method> <!-- loadConfig -->
        <test-method is-config="true" signature="setup(java.lang.String)[pri:0, instance:com.store.testcases.IndexPageTest@514646ef]" started-at="2025-12-28T22:52:53 IST" name="setup" finished-at="2025-12-28T22:53:11 IST" duration-ms="18403" status="PASS">
          <params>
            <param index="0">
              <value>
                <![CDATA[Chrome]]>
              </value>
            </param>
          </params>
          <reporter-output>
          </reporter-output>
        </test-method> <!-- setup -->
        <test-method signature="verifyLogo()[pri:0, instance:com.store.testcases.IndexPageTest@514646ef]" started-at="2025-12-28T22:53:11 IST" name="verifyLogo" finished-at="2025-12-28T22:53:11 IST" duration-ms="119" status="PASS">
          <reporter-output>
          </reporter-output>
        </test-method> <!-- verifyLogo -->
        <test-method is-config="true" signature="tearDown()[pri:0, instance:com.store.testcases.IndexPageTest@514646ef]" started-at="2025-12-28T22:53:11 IST" name="tearDown" finished-at="2025-12-28T22:53:12 IST" duration-ms="374" status="PASS">
          <reporter-output>
          </reporter-output>
        </test-method> <!-- tearDown -->
        <test-method is-config="true" signature="setup(java.lang.String)[pri:0, instance:com.store.testcases.IndexPageTest@514646ef]" started-at="2025-12-28T22:53:12 IST" name="setup" finished-at="2025-12-28T22:53:22 IST" duration-ms="10124" status="PASS">
          <params>
            <param index="0">
              <value>
                <![CDATA[Chrome]]>
              </value>
            </param>
          </params>
          <reporter-output>
          </reporter-output>
        </test-method> <!-- setup -->
        <test-method signature="verifyTitle()[pri:0, instance:com.store.testcases.IndexPageTest@514646ef]" started-at="2025-12-28T22:53:22 IST" name="verifyTitle" finished-at="2025-12-28T22:53:22 IST" duration-ms="40" status="PASS">
          <reporter-output>
          </reporter-output>
        </test-method> <!-- verifyTitle -->
        <test-method is-config="true" signature="tearDown()[pri:0, instance:com.store.testcases.IndexPageTest@514646ef]" started-at="2025-12-28T22:53:22 IST" name="tearDown" finished-at="2025-12-28T22:53:22 IST" duration-ms="364" status="PASS">
          <reporter-output>
          </reporter-output>
        </test-method> <!-- tearDown -->
      </class> <!-- com.store.testcases.IndexPageTest -->
    </test> <!-- Default test -->
  </suite> <!-- Default suite -->
</testng-results>
