<?xml version="1.0" encoding="UTF-8"?>
<!-- Generated by org.testng.reporters.JUnitReportReporter -->
<testsuite hostname="ITEM-S94883" failures="0" tests="2" name="com.store.testcases.IndexPageTest" time="29.424" errors="0" timestamp="2025-12-28T22:53:22 IST" skipped="0">
  <testcase classname="com.store.testcases.IndexPageTest" name="verifyTitle" time="18.817"/>
  <testcase classname="com.store.testcases.IndexPageTest" name="verifyLogo" time="10.607"/>
</testsuite> <!-- com.store.testcases.IndexPageTest -->
