<?xml version="1.0" encoding="UTF-8"?>
<!-- Generated by org.testng.reporters.JUnitReportReporter -->
<testsuite hostname="ITEM-S94883" failures="0" tests="2" name="com.store.testcases.ProductAvailabilityPageTest" time="159.911" errors="0" timestamp="2025-12-28T15:55:31 IST" skipped="0">
  <testcase classname="com.store.testcases.ProductAvailabilityPageTest" name="verifyProductAvailability" time="78.224"/>
  <testcase classname="com.store.testcases.ProductAvailabilityPageTest" name="verifyProductAvailability" time="81.687"/>
</testsuite> <!-- com.store.testcases.ProductAvailabilityPageTest -->
